C:\USERS\AMICHAI\DOCUMENTS\VISUAL STUDIO 2010\PROJECTS\RANDOMWALKER\BULDYREVPORT\DEBUG\BULDYREVPORT.EXE.EMBED.MANIFEST
C:\USERS\AMICHAI\DOCUMENTS\VISUAL STUDIO 2010\PROJECTS\RANDOMWALKER\BULDYREVPORT\DEBUG\BULDYREVPORT.EXE.EMBED.MANIFEST.RES
C:\USERS\AMICHAI\DOCUMENTS\VISUAL STUDIO 2010\PROJECTS\RANDOMWALKER\BULDYREVPORT\DEBUG\BULDYREVPORT.EXE.INTERMEDIATE.MANIFEST
C:\USERS\AMICHAI\DOCUMENTS\VISUAL STUDIO 2010\PROJECTS\RANDOMWALKER\BULDYREVPORT\DEBUG\BULDYREVPORT.OBJ
C:\USERS\AMICHAI\DOCUMENTS\VISUAL STUDIO 2010\PROJECTS\RANDOMWALKER\BULDYREVPORT\DEBUG\BULDYREVPORT.PCH
C:\Users\Amichai\Documents\Visual Studio 2010\Projects\RandomWalker\BuldyrevPort\Debug\BuldyrevPort_manifest.rc
C:\Users\Amichai\Documents\Visual Studio 2010\Projects\RandomWalker\BuldyrevPort\Debug\cl.command.1.tlog
C:\Users\Amichai\Documents\Visual Studio 2010\Projects\RandomWalker\BuldyrevPort\Debug\CL.read.1.tlog
C:\Users\Amichai\Documents\Visual Studio 2010\Projects\RandomWalker\BuldyrevPort\Debug\CL.write.1.tlog
C:\Users\Amichai\Documents\Visual Studio 2010\Projects\RandomWalker\BuldyrevPort\Debug\link.5936.read.1.tlog
C:\Users\Amichai\Documents\Visual Studio 2010\Projects\RandomWalker\BuldyrevPort\Debug\link.5936.write.1.tlog
C:\Users\Amichai\Documents\Visual Studio 2010\Projects\RandomWalker\BuldyrevPort\Debug\link.5936-cvtres.read.1.tlog
C:\Users\Amichai\Documents\Visual Studio 2010\Projects\RandomWalker\BuldyrevPort\Debug\link.5936-cvtres.write.1.tlog
C:\Users\Amichai\Documents\Visual Studio 2010\Projects\RandomWalker\BuldyrevPort\Debug\link.8132.read.1.tlog
C:\Users\Amichai\Documents\Visual Studio 2010\Projects\RandomWalker\BuldyrevPort\Debug\link.8132.write.1.tlog
C:\Users\Amichai\Documents\Visual Studio 2010\Projects\RandomWalker\BuldyrevPort\Debug\link.8132-cvtres.read.1.tlog
C:\Users\Amichai\Documents\Visual Studio 2010\Projects\RandomWalker\BuldyrevPort\Debug\link.8132-cvtres.write.1.tlog
C:\Users\Amichai\Documents\Visual Studio 2010\Projects\RandomWalker\BuldyrevPort\Debug\link.command.1.tlog
C:\Users\Amichai\Documents\Visual Studio 2010\Projects\RandomWalker\BuldyrevPort\Debug\link.read.1.tlog
C:\Users\Amichai\Documents\Visual Studio 2010\Projects\RandomWalker\BuldyrevPort\Debug\link.write.1.tlog
C:\Users\Amichai\Documents\Visual Studio 2010\Projects\RandomWalker\BuldyrevPort\Debug\link-cvtres.read.1.tlog
C:\Users\Amichai\Documents\Visual Studio 2010\Projects\RandomWalker\BuldyrevPort\Debug\link-cvtres.write.1.tlog
C:\Users\Amichai\Documents\Visual Studio 2010\Projects\RandomWalker\BuldyrevPort\Debug\mt.command.1.tlog
C:\Users\Amichai\Documents\Visual Studio 2010\Projects\RandomWalker\BuldyrevPort\Debug\mt.read.1.tlog
C:\Users\Amichai\Documents\Visual Studio 2010\Projects\RandomWalker\BuldyrevPort\Debug\mt.write.1.tlog
C:\Users\Amichai\Documents\Visual Studio 2010\Projects\RandomWalker\BuldyrevPort\Debug\rc.command.1.tlog
C:\Users\Amichai\Documents\Visual Studio 2010\Projects\RandomWalker\BuldyrevPort\Debug\rc.read.1.tlog
C:\Users\Amichai\Documents\Visual Studio 2010\Projects\RandomWalker\BuldyrevPort\Debug\rc.write.1.tlog
C:\USERS\AMICHAI\DOCUMENTS\VISUAL STUDIO 2010\PROJECTS\RANDOMWALKER\BULDYREVPORT\DEBUG\STDAFX.OBJ
C:\Users\Amichai\Documents\Visual Studio 2010\Projects\RandomWalker\BuldyrevPort\Debug\vc100.idb
C:\USERS\AMICHAI\DOCUMENTS\VISUAL STUDIO 2010\PROJECTS\RANDOMWALKER\BULDYREVPORT\DEBUG\VC100.PDB
C:\USERS\AMICHAI\DOCUMENTS\VISUAL STUDIO 2010\PROJECTS\RANDOMWALKER\DEBUG\BULDYREVPORT.EXE
C:\USERS\AMICHAI\DOCUMENTS\VISUAL STUDIO 2010\PROJECTS\RANDOMWALKER\DEBUG\BULDYREVPORT.ILK
C:\USERS\AMICHAI\DOCUMENTS\VISUAL STUDIO 2010\PROJECTS\RANDOMWALKER\DEBUG\BULDYREVPORT.PDB
