Build started 1/23/2012 5:35:22 PM.
     1>Project "C:\Users\Amichai\Documents\Visual Studio 2010\Projects\RandomWalker\BuldyrevPort\BuldyrevPort.vcxproj" on node 2 (rebuild target(s)).
     1>_PrepareForClean:
         Deleting file "Debug\BuldyrevPort.lastbuildstate".
       InitializeBuildStatus:
         Creating "Debug\BuldyrevPort.unsuccessfulbuild" because "AlwaysCreate" was specified.
       ClCompile:
         c:\Program Files (x86)\Microsoft Visual Studio 10.0\VC\bin\CL.exe /c /ZI /nologo /W3 /WX- /Od /Oy- /D WIN32 /D _DEBUG /D _CONSOLE /D _UNICODE /D UNICODE /Gm /EHsc /RTC1 /MDd /GS /fp:precise /Zc:wchar_t /Zc:forScope /Yc"StdAfx.h" /Fp"Debug\BuldyrevPort.pch" /Fo"Debug\\" /Fd"Debug\vc100.pdb" /Gd /TP /analyze- /errorReport:prompt stdafx.cpp
         stdafx.cpp
         c:\Program Files (x86)\Microsoft Visual Studio 10.0\VC\bin\CL.exe /c /ZI /nologo /W3 /WX- /Od /Oy- /D WIN32 /D _DEBUG /D _CONSOLE /D _UNICODE /D UNICODE /Gm /EHsc /RTC1 /MDd /GS /fp:precise /Zc:wchar_t /Zc:forScope /Yu"StdAfx.h" /Fp"Debug\BuldyrevPort.pch" /Fo"Debug\\" /Fd"Debug\vc100.pdb" /Gd /TP /analyze- /errorReport:prompt BuldyrevPort.cpp
         BuldyrevPort.cpp
     1>c:\users\amichai\documents\visual studio 2010\projects\randomwalker\buldyrevport\buldyrevport.cpp(19): warning C4101: 'a' : unreferenced local variable
     1>c:\users\amichai\documents\visual studio 2010\projects\randomwalker\buldyrevport\buldyrevport.cpp(19): warning C4101: 'b' : unreferenced local variable
     1>c:\users\amichai\documents\visual studio 2010\projects\randomwalker\buldyrevport\buldyrevport.cpp(20): warning C4101: 'k' : unreferenced local variable
     1>c:\users\amichai\documents\visual studio 2010\projects\randomwalker\buldyrevport\buldyrevport.cpp(19): warning C4101: 'z' : unreferenced local variable
     1>c:\users\amichai\documents\visual studio 2010\projects\randomwalker\buldyrevport\buldyrevport.cpp(20): warning C4101: 'l' : unreferenced local variable
     1>c:\users\amichai\documents\visual studio 2010\projects\randomwalker\buldyrevport\buldyrevport.cpp(20): warning C4101: 'j' : unreferenced local variable
     1>c:\users\amichai\documents\visual studio 2010\projects\randomwalker\buldyrevport\buldyrevport.cpp(19): warning C4101: 'z1' : unreferenced local variable
     1>c:\users\amichai\documents\visual studio 2010\projects\randomwalker\buldyrevport\buldyrevport.cpp(187): warning C4244: '=' : conversion from 'double' to 'int', possible loss of data
     1>c:\users\amichai\documents\visual studio 2010\projects\randomwalker\buldyrevport\buldyrevport.cpp(190): warning C4244: '=' : conversion from 'double' to 'int', possible loss of data
     1>c:\users\amichai\documents\visual studio 2010\projects\randomwalker\buldyrevport\buldyrevport.cpp(214): warning C4244: '=' : conversion from 'double' to 'int', possible loss of data
     1>c:\users\amichai\documents\visual studio 2010\projects\randomwalker\buldyrevport\buldyrevport.cpp(225): warning C4244: '=' : conversion from 'double' to 'int', possible loss of data
     1>c:\users\amichai\documents\visual studio 2010\projects\randomwalker\buldyrevport\buldyrevport.cpp(240): warning C4244: '=' : conversion from 'double' to 'int', possible loss of data
     1>c:\users\amichai\documents\visual studio 2010\projects\randomwalker\buldyrevport\buldyrevport.cpp(243): warning C4244: '=' : conversion from 'double' to 'int', possible loss of data
     1>c:\users\amichai\documents\visual studio 2010\projects\randomwalker\buldyrevport\buldyrevport.cpp(269): warning C4244: '=' : conversion from 'double' to 'int', possible loss of data
     1>c:\users\amichai\documents\visual studio 2010\projects\randomwalker\buldyrevport\buldyrevport.cpp(280): warning C4244: '=' : conversion from 'double' to 'int', possible loss of data
     1>c:\users\amichai\documents\visual studio 2010\projects\randomwalker\buldyrevport\buldyrevport.cpp(324): warning C4244: '=' : conversion from 'double' to 'int', possible loss of data
     1>c:\users\amichai\documents\visual studio 2010\projects\randomwalker\buldyrevport\buldyrevport.cpp(325): warning C4244: '=' : conversion from 'double' to 'int', possible loss of data
     1>c:\users\amichai\documents\visual studio 2010\projects\randomwalker\buldyrevport\buldyrevport.cpp(326): warning C4244: '=' : conversion from 'double' to 'int', possible loss of data
     1>c:\users\amichai\documents\visual studio 2010\projects\randomwalker\buldyrevport\buldyrevport.cpp(361): warning C4996: 'sprintf': This function or variable may be unsafe. Consider using sprintf_s instead. To disable deprecation, use _CRT_SECURE_NO_WARNINGS. See online help for details.
                 c:\program files (x86)\microsoft visual studio 10.0\vc\include\stdio.h(371) : see declaration of 'sprintf'
     1>c:\users\amichai\documents\visual studio 2010\projects\randomwalker\buldyrevport\buldyrevport.cpp(362): warning C4996: 'fopen': This function or variable may be unsafe. Consider using fopen_s instead. To disable deprecation, use _CRT_SECURE_NO_WARNINGS. See online help for details.
                 c:\program files (x86)\microsoft visual studio 10.0\vc\include\stdio.h(234) : see declaration of 'fopen'
     1>c:\users\amichai\documents\visual studio 2010\projects\randomwalker\buldyrevport\buldyrevport.cpp(369): warning C4244: '=' : conversion from 'double' to 'int', possible loss of data
     1>c:\users\amichai\documents\visual studio 2010\projects\randomwalker\buldyrevport\buldyrevport.cpp(132): warning C4101: 'color1' : unreferenced local variable
     1>c:\users\amichai\documents\visual studio 2010\projects\randomwalker\buldyrevport\buldyrevport.cpp(352): warning C4101: 'fact1' : unreferenced local variable
     1>c:\users\amichai\documents\visual studio 2010\projects\randomwalker\buldyrevport\buldyrevport.cpp(351): warning C4101: 'm1' : unreferenced local variable
       ManifestResourceCompile:
         C:\Program Files (x86)\Microsoft SDKs\Windows\v7.0A\bin\rc.exe /nologo /fo"Debug\BuldyrevPort.exe.embed.manifest.res" Debug\BuldyrevPort_manifest.rc 
       Link:
         c:\Program Files (x86)\Microsoft Visual Studio 10.0\VC\bin\link.exe /ERRORREPORT:PROMPT /OUT:"C:\Users\Amichai\Documents\Visual Studio 2010\Projects\RandomWalker\Debug\BuldyrevPort.exe" /INCREMENTAL /NOLOGO kernel32.lib user32.lib gdi32.lib winspool.lib comdlg32.lib advapi32.lib shell32.lib ole32.lib oleaut32.lib uuid.lib odbc32.lib odbccp32.lib /MANIFEST /ManifestFile:"Debug\BuldyrevPort.exe.intermediate.manifest" /MANIFESTUAC:"level='asInvoker' uiAccess='false'" /DEBUG /PDB:"C:\Users\Amichai\Documents\Visual Studio 2010\Projects\RandomWalker\Debug\BuldyrevPort.pdb" /SUBSYSTEM:CONSOLE /TLBID:1 /DYNAMICBASE /NXCOMPAT /IMPLIB:"C:\Users\Amichai\Documents\Visual Studio 2010\Projects\RandomWalker\Debug\BuldyrevPort.lib" /MACHINE:X86 Debug\BuldyrevPort.exe.embed.manifest.res
         Debug\BuldyrevPort.obj
         Debug\stdafx.obj
       Manifest:
         Deleting file "Debug\BuldyrevPort.exe.embed.manifest".
         C:\Program Files (x86)\Microsoft SDKs\Windows\v7.0A\bin\mt.exe /nologo /verbose /out:"Debug\BuldyrevPort.exe.embed.manifest" /manifest Debug\BuldyrevPort.exe.intermediate.manifest
         C:\Program Files (x86)\Microsoft SDKs\Windows\v7.0A\bin\rc.exe /nologo /fo"Debug\BuldyrevPort.exe.embed.manifest.res" Debug\BuldyrevPort_manifest.rc 
       LinkEmbedManifest:
         c:\Program Files (x86)\Microsoft Visual Studio 10.0\VC\bin\link.exe /ERRORREPORT:PROMPT /OUT:"C:\Users\Amichai\Documents\Visual Studio 2010\Projects\RandomWalker\Debug\BuldyrevPort.exe" /INCREMENTAL /NOLOGO kernel32.lib user32.lib gdi32.lib winspool.lib comdlg32.lib advapi32.lib shell32.lib ole32.lib oleaut32.lib uuid.lib odbc32.lib odbccp32.lib /MANIFEST /ManifestFile:"Debug\BuldyrevPort.exe.intermediate.manifest" /MANIFESTUAC:"level='asInvoker' uiAccess='false'" /DEBUG /PDB:"C:\Users\Amichai\Documents\Visual Studio 2010\Projects\RandomWalker\Debug\BuldyrevPort.pdb" /SUBSYSTEM:CONSOLE /TLBID:1 /DYNAMICBASE /NXCOMPAT /IMPLIB:"C:\Users\Amichai\Documents\Visual Studio 2010\Projects\RandomWalker\Debug\BuldyrevPort.lib" /MACHINE:X86 Debug\BuldyrevPort.exe.embed.manifest.res
         Debug\BuldyrevPort.obj
         Debug\stdafx.obj
         BuldyrevPort.vcxproj -> C:\Users\Amichai\Documents\Visual Studio 2010\Projects\RandomWalker\Debug\BuldyrevPort.exe
       FinalizeBuildStatus:
         Deleting file "Debug\BuldyrevPort.unsuccessfulbuild".
         Touching "Debug\BuldyrevPort.lastbuildstate".
     1>Done Building Project "C:\Users\Amichai\Documents\Visual Studio 2010\Projects\RandomWalker\BuldyrevPort\BuldyrevPort.vcxproj" (rebuild target(s)).

Build succeeded.

Time Elapsed 00:00:11.02
