Build started 2/21/2012 10:43:37 AM.
     1>Project "C:\Users\Amichai\Documents\Visual Studio 2010\Projects\RandomWalker\CPort\CPort.vcxproj" on node 2 (build target(s)).
     1>InitializeBuildStatus:
         Touching "Debug\CPort.unsuccessfulbuild".
       ClCompile:
         c:\Program Files (x86)\Microsoft Visual Studio 10.0\VC\bin\CL.exe /c /ZI /nologo /W3 /WX- /Od /Oy- /D WIN32 /D _DEBUG /D _CONSOLE /D _UNICODE /D UNICODE /Gm /EHsc /RTC1 /MDd /GS /fp:precise /Zc:wchar_t /Zc:forScope /Yc"StdAfx.h" /Fp"Debug\CPort.pch" /Fo"Debug\\" /Fd"Debug\vc100.pdb" /Gd /TP /analyze- /errorReport:prompt stdafx.cpp
         stdafx.cpp
         c:\Program Files (x86)\Microsoft Visual Studio 10.0\VC\bin\CL.exe /c /ZI /nologo /W3 /WX- /Od /Oy- /D WIN32 /D _DEBUG /D _CONSOLE /D _UNICODE /D UNICODE /Gm /EHsc /RTC1 /MDd /GS /fp:precise /Zc:wchar_t /Zc:forScope /Yu"StdAfx.h" /Fp"Debug\CPort.pch" /Fo"Debug\\" /Fd"Debug\vc100.pdb" /Gd /TP /analyze- /errorReport:prompt CPort.cpp
         CPort.cpp
       ManifestResourceCompile:
         All outputs are up-to-date.
       Link:
         c:\Program Files (x86)\Microsoft Visual Studio 10.0\VC\bin\link.exe /ERRORREPORT:PROMPT /OUT:"C:\Users\Amichai\Documents\Visual Studio 2010\Projects\RandomWalker\Debug\CPort.exe" /INCREMENTAL /NOLOGO kernel32.lib user32.lib gdi32.lib winspool.lib comdlg32.lib advapi32.lib shell32.lib ole32.lib oleaut32.lib uuid.lib odbc32.lib odbccp32.lib /MANIFEST /ManifestFile:"Debug\CPort.exe.intermediate.manifest" /MANIFESTUAC:"level='asInvoker' uiAccess='false'" /DEBUG /PDB:"C:\Users\Amichai\Documents\Visual Studio 2010\Projects\RandomWalker\Debug\CPort.pdb" /SUBSYSTEM:CONSOLE /TLBID:1 /DYNAMICBASE /NXCOMPAT /IMPLIB:"C:\Users\Amichai\Documents\Visual Studio 2010\Projects\RandomWalker\Debug\CPort.lib" /MACHINE:X86 Debug\CPort.exe.embed.manifest.res
         Debug\CPort.obj
         Debug\stdafx.obj
       Manifest:
         C:\Program Files (x86)\Microsoft SDKs\Windows\v7.0A\bin\mt.exe /nologo /verbose /out:"Debug\CPort.exe.embed.manifest" /manifest Debug\CPort.exe.intermediate.manifest
         C:\Program Files (x86)\Microsoft SDKs\Windows\v7.0A\bin\rc.exe /nologo /fo"Debug\CPort.exe.embed.manifest.res" Debug\CPort_manifest.rc 
       LinkEmbedManifest:
         c:\Program Files (x86)\Microsoft Visual Studio 10.0\VC\bin\link.exe /ERRORREPORT:PROMPT /OUT:"C:\Users\Amichai\Documents\Visual Studio 2010\Projects\RandomWalker\Debug\CPort.exe" /INCREMENTAL /NOLOGO kernel32.lib user32.lib gdi32.lib winspool.lib comdlg32.lib advapi32.lib shell32.lib ole32.lib oleaut32.lib uuid.lib odbc32.lib odbccp32.lib /MANIFEST /ManifestFile:"Debug\CPort.exe.intermediate.manifest" /MANIFESTUAC:"level='asInvoker' uiAccess='false'" /DEBUG /PDB:"C:\Users\Amichai\Documents\Visual Studio 2010\Projects\RandomWalker\Debug\CPort.pdb" /SUBSYSTEM:CONSOLE /TLBID:1 /DYNAMICBASE /NXCOMPAT /IMPLIB:"C:\Users\Amichai\Documents\Visual Studio 2010\Projects\RandomWalker\Debug\CPort.lib" /MACHINE:X86 Debug\CPort.exe.embed.manifest.res
         Debug\CPort.obj
         Debug\stdafx.obj
         CPort.vcxproj -> C:\Users\Amichai\Documents\Visual Studio 2010\Projects\RandomWalker\Debug\CPort.exe
       FinalizeBuildStatus:
         Deleting file "Debug\CPort.unsuccessfulbuild".
         Touching "Debug\CPort.lastbuildstate".
     1>Done Building Project "C:\Users\Amichai\Documents\Visual Studio 2010\Projects\RandomWalker\CPort\CPort.vcxproj" (build target(s)).

Build succeeded.

Time Elapsed 00:00:04.65
